Compiling build :app to "target/cljsbuild/public/js/app.js" from ["src/cljs" "src/cljc" "env/dev/cljs"]...
[32mSuccessfully compiled build :app to "target/cljsbuild/public/js/app.js" in 1.217 seconds.[0m
notifying browser that file changed:  target/cljsbuild/public/js/out/goog/deps.js
notifying browser that file changed:  target/cljsbuild/public/js/out/cljs_deps.js
notifying browser that file changed:  target/cljsbuild/public/js/out/scrambler/core.js
Compiling build :app to "target/cljsbuild/public/js/app.js" from ["src/cljs" "src/cljc" "env/dev/cljs"]...
[32mSuccessfully compiled build :app to "target/cljsbuild/public/js/app.js" in 0.748 seconds.[0m
notifying browser that file changed:  target/cljsbuild/public/js/out/scrambler/core.js
Compiling build :app to "target/cljsbuild/public/js/app.js" from ["src/cljs" "src/cljc" "env/dev/cljs"]...
[31mFailed to compile build :app from ["src/cljs" "src/cljc" "env/dev/cljs"] in 0.401 seconds.[0m
[36m----  Could not Analyze  src/cljs/scrambler/core.cljs   line:38  column:1  ----[0m

  [1mUnable to resolve var: about-page in this context at line 38 /Users/vijay/work/learning/scrambler/src/cljs/scrambler/core.cljs[0m

  [36m36[0m  [36m             {:__html (md->html docs)}}]])])[0m
  [36m37[0m  [36m[0m
  [33m38[0m  [1m(def pages[0m
  [0m  [0m  [33m^--- Unable to resolve var: about-page in this context at line 38 /Users/vijay/work/learning/scrambler/src/cljs/scrambler/core.cljs[0m
  [36m39[0m  [36m  {:home #'home-page[0m
  [36m40[0m  [36m   :about #'about-page})[0m

[36m----  Analysis Error : Please see src/cljs/scrambler/core.cljs  ----[0m
Compiling build :app to "target/cljsbuild/public/js/app.js" from ["src/cljs" "src/cljc" "env/dev/cljs"]...
[32mSuccessfully compiled build :app to "target/cljsbuild/public/js/app.js" in 0.593 seconds.[0m
notifying browser that file changed:  target/cljsbuild/public/js/out/scrambler/core.js
Compiling build :app to "target/cljsbuild/public/js/app.js" from ["src/cljs" "src/cljc" "env/dev/cljs"]...
[32mSuccessfully compiled build :app to "target/cljsbuild/public/js/app.js" in 0.579 seconds.[0m
notifying browser that file changed:  target/cljsbuild/public/js/out/scrambler/core.js
Compiling build :app to "target/cljsbuild/public/js/app.js" from ["src/cljs" "src/cljc" "env/dev/cljs"]...
[32mSuccessfully compiled build :app to "target/cljsbuild/public/js/app.js" in 0.585 seconds.[0m
notifying browser that file changed:  target/cljsbuild/public/js/out/scrambler/core.js
Compiling build :app to "target/cljsbuild/public/js/app.js" from ["src/cljs" "src/cljc" "env/dev/cljs"]...
[36m----  Compiler Warning on   src/cljs/scrambler/core.cljs   line:38  column:27  ----[0m

  [1mUse of undeclared Var scrambler.core/text[0m

  [36m34[0m  [36m     [:div.row>div.col-sm-12[0m
  [36m35[0m  [36m      [:div[0m
  [36m36[0m  [36m       [:label {:for ""}[0m
  [36m37[0m  [36m        "Find this string:"][0m
  [33m38[0m  [1m       [:input#src {:type text}][0m
  [0m  [0m  [33m                          ^--- Use of undeclared Var scrambler.core/text[0m
  [36m39[0m  [36m       ]])])[0m
  [36m40[0m  [36m[0m
  [36m41[0m  [36m(def pages[0m
  [36m42[0m  [36m  {:home #'home-page})[0m

[36m----  Compiler Warning : Please see src/cljs/scrambler/core.cljs  ----[0m
[32mSuccessfully compiled build :app to "target/cljsbuild/public/js/app.js" in 0.585 seconds.[0m
notifying browser that file changed:  target/cljsbuild/public/js/out/scrambler/core.js
Compiling build :app to "target/cljsbuild/public/js/app.js" from ["src/cljs" "src/cljc" "env/dev/cljs"]...
[32mSuccessfully compiled build :app to "target/cljsbuild/public/js/app.js" in 0.562 seconds.[0m
notifying browser that file changed:  target/cljsbuild/public/js/out/scrambler/core.js
Compiling build :app to "target/cljsbuild/public/js/app.js" from ["src/cljs" "src/cljc" "env/dev/cljs"]...
[32mSuccessfully compiled build :app to "target/cljsbuild/public/js/app.js" in 0.606 seconds.[0m
notifying browser that file changed:  target/cljsbuild/public/js/out/scrambler/core.js
Compiling build :app to "target/cljsbuild/public/js/app.js" from ["src/cljs" "src/cljc" "env/dev/cljs"]...
[32mSuccessfully compiled build :app to "target/cljsbuild/public/js/app.js" in 0.553 seconds.[0m
notifying browser that file changed:  target/cljsbuild/public/js/out/scrambler/core.js
Compiling build :app to "target/cljsbuild/public/js/app.js" from ["src/cljs" "src/cljc" "env/dev/cljs"]...
[32mSuccessfully compiled build :app to "target/cljsbuild/public/js/app.js" in 0.553 seconds.[0m
notifying browser that file changed:  target/cljsbuild/public/js/out/scrambler/core.js
Compiling build :app to "target/cljsbuild/public/js/app.js" from ["src/cljs" "src/cljc" "env/dev/cljs"]...
[32mSuccessfully compiled build :app to "target/cljsbuild/public/js/app.js" in 0.55 seconds.[0m
notifying browser that file changed:  target/cljsbuild/public/js/out/scrambler/core.js
Compiling build :app to "target/cljsbuild/public/js/app.js" from ["src/cljs" "src/cljc" "env/dev/cljs"]...
[32mSuccessfully compiled build :app to "target/cljsbuild/public/js/app.js" in 0.604 seconds.[0m
notifying browser that file changed:  target/cljsbuild/public/js/out/scrambler/core.js
Compiling build :app to "target/cljsbuild/public/js/app.js" from ["src/cljs" "src/cljc" "env/dev/cljs"]...
[32mSuccessfully compiled build :app to "target/cljsbuild/public/js/app.js" in 0.522 seconds.[0m
notifying browser that file changed:  target/cljsbuild/public/js/out/scrambler/core.js
Compiling build :app to "target/cljsbuild/public/js/app.js" from ["src/cljs" "src/cljc" "env/dev/cljs"]...
[32mSuccessfully compiled build :app to "target/cljsbuild/public/js/app.js" in 0.52 seconds.[0m
notifying browser that file changed:  target/cljsbuild/public/js/out/scrambler/core.js
Compiling build :app to "target/cljsbuild/public/js/app.js" from ["src/cljs" "src/cljc" "env/dev/cljs"]...
[32mSuccessfully compiled build :app to "target/cljsbuild/public/js/app.js" in 0.573 seconds.[0m
notifying browser that file changed:  target/cljsbuild/public/js/out/scrambler/core.js
Compiling build :app to "target/cljsbuild/public/js/app.js" from ["src/cljs" "src/cljc" "env/dev/cljs"]...
[32mSuccessfully compiled build :app to "target/cljsbuild/public/js/app.js" in 0.561 seconds.[0m
notifying browser that file changed:  target/cljsbuild/public/js/out/scrambler/core.js
Compiling build :app to "target/cljsbuild/public/js/app.js" from ["src/cljs" "src/cljc" "env/dev/cljs"]...
[32mSuccessfully compiled build :app to "target/cljsbuild/public/js/app.js" in 0.523 seconds.[0m
notifying browser that file changed:  target/cljsbuild/public/js/out/scrambler/core.js
Compiling build :app to "target/cljsbuild/public/js/app.js" from ["src/cljs" "src/cljc" "env/dev/cljs"]...
[32mSuccessfully compiled build :app to "target/cljsbuild/public/js/app.js" in 0.531 seconds.[0m
notifying browser that file changed:  target/cljsbuild/public/js/out/scrambler/core.js
Compiling build :app to "target/cljsbuild/public/js/app.js" from ["src/cljs" "src/cljc" "env/dev/cljs"]...
[32mSuccessfully compiled build :app to "target/cljsbuild/public/js/app.js" in 0.516 seconds.[0m
notifying browser that file changed:  target/cljsbuild/public/js/out/scrambler/core.js
Compiling build :app to "target/cljsbuild/public/js/app.js" from ["src/cljs" "src/cljc" "env/dev/cljs"]...
[32mSuccessfully compiled build :app to "target/cljsbuild/public/js/app.js" in 0.584 seconds.[0m
notifying browser that file changed:  target/cljsbuild/public/js/out/scrambler/core.js
Compiling build :app to "target/cljsbuild/public/js/app.js" from ["src/cljs" "src/cljc" "env/dev/cljs"]...
[32mSuccessfully compiled build :app to "target/cljsbuild/public/js/app.js" in 0.529 seconds.[0m
notifying browser that file changed:  target/cljsbuild/public/js/out/scrambler/core.js
Compiling build :app to "target/cljsbuild/public/js/app.js" from ["src/cljs" "src/cljc" "env/dev/cljs"]...
[32mSuccessfully compiled build :app to "target/cljsbuild/public/js/app.js" in 0.522 seconds.[0m
notifying browser that file changed:  target/cljsbuild/public/js/out/scrambler/core.js
Compiling build :app to "target/cljsbuild/public/js/app.js" from ["src/cljs" "src/cljc" "env/dev/cljs"]...
[32mSuccessfully compiled build :app to "target/cljsbuild/public/js/app.js" in 0.528 seconds.[0m
notifying browser that file changed:  target/cljsbuild/public/js/out/scrambler/core.js
Compiling build :app to "target/cljsbuild/public/js/app.js" from ["src/cljs" "src/cljc" "env/dev/cljs"]...
[32mSuccessfully compiled build :app to "target/cljsbuild/public/js/app.js" in 0.538 seconds.[0m
notifying browser that file changed:  target/cljsbuild/public/js/out/scrambler/core.js
Compiling build :app to "target/cljsbuild/public/js/app.js" from ["src/cljs" "src/cljc" "env/dev/cljs"]...
[32mSuccessfully compiled build :app to "target/cljsbuild/public/js/app.js" in 0.507 seconds.[0m
notifying browser that file changed:  target/cljsbuild/public/js/out/scrambler/core.js
Compiling build :app to "target/cljsbuild/public/js/app.js" from ["src/cljs" "src/cljc" "env/dev/cljs"]...
[32mSuccessfully compiled build :app to "target/cljsbuild/public/js/app.js" in 0.53 seconds.[0m
notifying browser that file changed:  target/cljsbuild/public/js/out/scrambler/core.js
Compiling build :app to "target/cljsbuild/public/js/app.js" from ["src/cljs" "src/cljc" "env/dev/cljs"]...
[32mSuccessfully compiled build :app to "target/cljsbuild/public/js/app.js" in 0.511 seconds.[0m
notifying browser that file changed:  target/cljsbuild/public/js/out/scrambler/core.js
Compiling build :app to "target/cljsbuild/public/js/app.js" from ["src/cljs" "src/cljc" "env/dev/cljs"]...
[32mSuccessfully compiled build :app to "target/cljsbuild/public/js/app.js" in 0.524 seconds.[0m
notifying browser that file changed:  target/cljsbuild/public/js/out/scrambler/core.js
Compiling build :app to "target/cljsbuild/public/js/app.js" from ["src/cljs" "src/cljc" "env/dev/cljs"]...
[32mSuccessfully compiled build :app to "target/cljsbuild/public/js/app.js" in 0.53 seconds.[0m
notifying browser that file changed:  target/cljsbuild/public/js/out/scrambler/core.js
Compiling build :app to "target/cljsbuild/public/js/app.js" from ["src/cljs" "src/cljc" "env/dev/cljs"]...
[32mSuccessfully compiled build :app to "target/cljsbuild/public/js/app.js" in 0.503 seconds.[0m
notifying browser that file changed:  target/cljsbuild/public/js/out/scrambler/core.js
Compiling build :app to "target/cljsbuild/public/js/app.js" from ["src/cljs" "src/cljc" "env/dev/cljs"]...
[32mSuccessfully compiled build :app to "target/cljsbuild/public/js/app.js" in 0.508 seconds.[0m
notifying browser that file changed:  target/cljsbuild/public/js/out/scrambler/core.js
Compiling build :app to "target/cljsbuild/public/js/app.js" from ["src/cljs" "src/cljc" "env/dev/cljs"]...
[32mSuccessfully compiled build :app to "target/cljsbuild/public/js/app.js" in 0.519 seconds.[0m
notifying browser that file changed:  target/cljsbuild/public/js/out/scrambler/core.js
Compiling build :app to "target/cljsbuild/public/js/app.js" from ["src/cljs" "src/cljc" "env/dev/cljs"]...
[32mSuccessfully compiled build :app to "target/cljsbuild/public/js/app.js" in 0.538 seconds.[0m
notifying browser that file changed:  target/cljsbuild/public/js/out/scrambler/core.js
Compiling build :app to "target/cljsbuild/public/js/app.js" from ["src/cljs" "src/cljc" "env/dev/cljs"]...
[32mSuccessfully compiled build :app to "target/cljsbuild/public/js/app.js" in 0.502 seconds.[0m
notifying browser that file changed:  target/cljsbuild/public/js/out/scrambler/core.js
Compiling build :app to "target/cljsbuild/public/js/app.js" from ["src/cljs" "src/cljc" "env/dev/cljs"]...
[32mSuccessfully compiled build :app to "target/cljsbuild/public/js/app.js" in 0.511 seconds.[0m
notifying browser that file changed:  target/cljsbuild/public/js/out/scrambler/core.js
Compiling build :app to "target/cljsbuild/public/js/app.js" from ["src/cljs" "src/cljc" "env/dev/cljs"]...
[32mSuccessfully compiled build :app to "target/cljsbuild/public/js/app.js" in 0.527 seconds.[0m
notifying browser that file changed:  target/cljsbuild/public/js/out/scrambler/core.js
Compiling build :app to "target/cljsbuild/public/js/app.js" from ["src/cljs" "src/cljc" "env/dev/cljs"]...
[32mSuccessfully compiled build :app to "target/cljsbuild/public/js/app.js" in 0.515 seconds.[0m
notifying browser that file changed:  target/cljsbuild/public/js/out/scrambler/core.js
Compiling build :app to "target/cljsbuild/public/js/app.js" from ["src/cljs" "src/cljc" "env/dev/cljs"]...
[32mSuccessfully compiled build :app to "target/cljsbuild/public/js/app.js" in 0.519 seconds.[0m
notifying browser that file changed:  target/cljsbuild/public/js/out/scrambler/core.js
Compiling build :app to "target/cljsbuild/public/js/app.js" from ["src/cljs" "src/cljc" "env/dev/cljs"]...
[32mSuccessfully compiled build :app to "target/cljsbuild/public/js/app.js" in 0.505 seconds.[0m
notifying browser that file changed:  target/cljsbuild/public/js/out/scrambler/core.js
Compiling build :app to "target/cljsbuild/public/js/app.js" from ["src/cljs" "src/cljc" "env/dev/cljs"]...
[32mSuccessfully compiled build :app to "target/cljsbuild/public/js/app.js" in 0.516 seconds.[0m
notifying browser that file changed:  target/cljsbuild/public/js/out/scrambler/core.js
Compiling build :app to "target/cljsbuild/public/js/app.js" from ["src/cljs" "src/cljc" "env/dev/cljs"]...
[32mSuccessfully compiled build :app to "target/cljsbuild/public/js/app.js" in 0.544 seconds.[0m
notifying browser that file changed:  target/cljsbuild/public/js/out/scrambler/core.js
Compiling build :app to "target/cljsbuild/public/js/app.js" from ["src/cljs" "src/cljc" "env/dev/cljs"]...
[32mSuccessfully compiled build :app to "target/cljsbuild/public/js/app.js" in 0.508 seconds.[0m
notifying browser that file changed:  target/cljsbuild/public/js/out/scrambler/core.js
Compiling build :app to "target/cljsbuild/public/js/app.js" from ["src/cljs" "src/cljc" "env/dev/cljs"]...
[32mSuccessfully compiled build :app to "target/cljsbuild/public/js/app.js" in 0.528 seconds.[0m
notifying browser that file changed:  target/cljsbuild/public/js/out/scrambler/core.js
Compiling build :app to "target/cljsbuild/public/js/app.js" from ["src/cljs" "src/cljc" "env/dev/cljs"]...
[32mSuccessfully compiled build :app to "target/cljsbuild/public/js/app.js" in 0.514 seconds.[0m
notifying browser that file changed:  target/cljsbuild/public/js/out/scrambler/core.js
Compiling build :app to "target/cljsbuild/public/js/app.js" from ["src/cljs" "src/cljc" "env/dev/cljs"]...
[32mSuccessfully compiled build :app to "target/cljsbuild/public/js/app.js" in 0.525 seconds.[0m
notifying browser that file changed:  target/cljsbuild/public/js/out/scrambler/core.js
Compiling build :app to "target/cljsbuild/public/js/app.js" from ["src/cljs" "src/cljc" "env/dev/cljs"]...
[32mSuccessfully compiled build :app to "target/cljsbuild/public/js/app.js" in 0.512 seconds.[0m
notifying browser that file changed:  target/cljsbuild/public/js/out/scrambler/core.js
Compiling build :app to "target/cljsbuild/public/js/app.js" from ["src/cljs" "src/cljc" "env/dev/cljs"]...
[36m----  Compiler Warning on   src/cljs/scrambler/core.cljs   line:87  column:4  ----[0m

  [1mUse of undeclared Var scrambler.core/fetch-docs![0m

  [36m83[0m  [36m  (r/render [#'page] (.getElementById js/document "app")))[0m
  [36m84[0m  [36m[0m
  [36m85[0m  [36m(defn init! [][0m
  [36m86[0m  [36m  (load-interceptors!)[0m
  [33m87[0m  [1m  (fetch-docs!)[0m
  [0m  [0m  [33m   ^--- Use of undeclared Var scrambler.core/fetch-docs![0m
  [36m88[0m  [36m  (hook-browser-navigation!)[0m
  [36m89[0m  [36m  (mount-components))[0m

[36m----  Compiler Warning : Please see src/cljs/scrambler/core.cljs  ----[0m
[32mSuccessfully compiled build :app to "target/cljsbuild/public/js/app.js" in 0.562 seconds.[0m
notifying browser that file changed:  target/cljsbuild/public/js/out/scrambler/core.js
Compiling build :app to "target/cljsbuild/public/js/app.js" from ["src/cljs" "src/cljc" "env/dev/cljs"]...
[32mSuccessfully compiled build :app to "target/cljsbuild/public/js/app.js" in 0.513 seconds.[0m
notifying browser that file changed:  target/cljsbuild/public/js/out/scrambler/core.js
Compiling build :app to "target/cljsbuild/public/js/app.js" from ["src/cljs" "src/cljc" "env/dev/cljs"]...
[32mSuccessfully compiled build :app to "target/cljsbuild/public/js/app.js" in 0.525 seconds.[0m
notifying browser that file changed:  target/cljsbuild/public/js/out/scrambler/core.js
Compiling build :app to "target/cljsbuild/public/js/app.js" from ["src/cljs" "src/cljc" "env/dev/cljs"]...
[32mSuccessfully compiled build :app to "target/cljsbuild/public/js/app.js" in 0.539 seconds.[0m
notifying browser that file changed:  target/cljsbuild/public/js/out/scrambler/core.js
Compiling build :app to "target/cljsbuild/public/js/app.js" from ["src/cljs" "src/cljc" "env/dev/cljs"]...
[32mSuccessfully compiled build :app to "target/cljsbuild/public/js/app.js" in 0.526 seconds.[0m
notifying browser that file changed:  target/cljsbuild/public/js/out/scrambler/core.js
Compiling build :app to "target/cljsbuild/public/js/app.js" from ["src/cljs" "src/cljc" "env/dev/cljs"]...
[32mSuccessfully compiled build :app to "target/cljsbuild/public/js/app.js" in 0.508 seconds.[0m
notifying browser that file changed:  target/cljsbuild/public/js/out/scrambler/core.js
Compiling build :app to "target/cljsbuild/public/js/app.js" from ["src/cljs" "src/cljc" "env/dev/cljs"]...
[32mSuccessfully compiled build :app to "target/cljsbuild/public/js/app.js" in 0.518 seconds.[0m
notifying browser that file changed:  target/cljsbuild/public/js/out/scrambler/core.js
Compiling build :app to "target/cljsbuild/public/js/app.js" from ["src/cljs" "src/cljc" "env/dev/cljs"]...
[32mSuccessfully compiled build :app to "target/cljsbuild/public/js/app.js" in 0.497 seconds.[0m
notifying browser that file changed:  target/cljsbuild/public/js/out/scrambler/core.js
Compiling build :app to "target/cljsbuild/public/js/app.js" from ["src/cljs" "src/cljc" "env/dev/cljs"]...
[32mSuccessfully compiled build :app to "target/cljsbuild/public/js/app.js" in 0.839 seconds.[0m
notifying browser that file changed:  target/cljsbuild/public/js/out/goog/deps.js
notifying browser that file changed:  target/cljsbuild/public/js/out/cljs_deps.js
notifying browser that file changed:  target/cljsbuild/public/js/out/scrambler/core.js
Compiling build :app to "target/cljsbuild/public/js/app.js" from ["src/cljs" "src/cljc" "env/dev/cljs"]...
[32mSuccessfully compiled build :app to "target/cljsbuild/public/js/app.js" in 0.657 seconds.[0m
notifying browser that file changed:  target/cljsbuild/public/js/out/scrambler/core.js
Compiling build :app to "target/cljsbuild/public/js/app.js" from ["src/cljs" "src/cljc" "env/dev/cljs"]...
[32mSuccessfully compiled build :app to "target/cljsbuild/public/js/app.js" in 0.616 seconds.[0m
notifying browser that file changed:  target/cljsbuild/public/js/out/scrambler/core.js
Compiling build :app to "target/cljsbuild/public/js/app.js" from ["src/cljs" "src/cljc" "env/dev/cljs"]...
[36m----  Compiler Warning on   src/cljs/scrambler/core.cljs   line:39  column:21  ----[0m

  [1mUse of undeclared Var scrambler.core/sesion[0m

  [36m35[0m  [36m(when-let [result (:results @session)][0m
  [36m36[0m  [36m  (if true[0m
  [36m37[0m  [36m    [:div.alert.alert-success[0m
  [36m38[0m  [36m     (str "Yes!" (:target @session) "can be made from"[0m
  [33m39[0m  [1m          (:src @sesion))][0m
  [0m  [0m  [33m                 ^--- Use of undeclared Var scrambler.core/sesion[0m
  [36m40[0m  [36m    [:div.alert.alert-danger "Sorry! Nope"]))[0m
  [36m41[0m  [36m[:div.row>div.col-sm-12[0m
  [36m42[0m  [36m [:form[0m
  [36m43[0m  [36m  [:div.form-group[0m
  [36m44[0m  [36m   [:label {:for "src"}[0m

[36m----  Compiler Warning : Please see src/cljs/scrambler/core.cljs  ----[0m
[32mSuccessfully compiled build :app to "target/cljsbuild/public/js/app.js" in 0.683 seconds.[0m
notifying browser that file changed:  target/cljsbuild/public/js/out/scrambler/core.js
Compiling build :app to "target/cljsbuild/public/js/app.js" from ["src/cljs" "src/cljc" "env/dev/cljs"]...
[32mSuccessfully compiled build :app to "target/cljsbuild/public/js/app.js" in 0.569 seconds.[0m
notifying browser that file changed:  target/cljsbuild/public/js/out/scrambler/core.js
Compiling build :app to "target/cljsbuild/public/js/app.js" from ["src/cljs" "src/cljc" "env/dev/cljs"]...
[32mSuccessfully compiled build :app to "target/cljsbuild/public/js/app.js" in 0.564 seconds.[0m
notifying browser that file changed:  target/cljsbuild/public/js/out/scrambler/core.js
Compiling build :app to "target/cljsbuild/public/js/app.js" from ["src/cljs" "src/cljc" "env/dev/cljs"]...
[32mSuccessfully compiled build :app to "target/cljsbuild/public/js/app.js" in 0.56 seconds.[0m
notifying browser that file changed:  target/cljsbuild/public/js/out/scrambler/core.js
Compiling build :app to "target/cljsbuild/public/js/app.js" from ["src/cljs" "src/cljc" "env/dev/cljs"]...
[32mSuccessfully compiled build :app to "target/cljsbuild/public/js/app.js" in 0.596 seconds.[0m
notifying browser that file changed:  target/cljsbuild/public/js/out/scrambler/core.js
Compiling build :app to "target/cljsbuild/public/js/app.js" from ["src/cljs" "src/cljc" "env/dev/cljs"]...
[32mSuccessfully compiled build :app to "target/cljsbuild/public/js/app.js" in 0.546 seconds.[0m
notifying browser that file changed:  target/cljsbuild/public/js/out/scrambler/core.js
Compiling build :app to "target/cljsbuild/public/js/app.js" from ["src/cljs" "src/cljc" "env/dev/cljs"]...
[32mSuccessfully compiled build :app to "target/cljsbuild/public/js/app.js" in 0.583 seconds.[0m
notifying browser that file changed:  target/cljsbuild/public/js/out/scrambler/core.js
Compiling build :app to "target/cljsbuild/public/js/app.js" from ["src/cljs" "src/cljc" "env/dev/cljs"]...
[32mSuccessfully compiled build :app to "target/cljsbuild/public/js/app.js" in 0.595 seconds.[0m
notifying browser that file changed:  target/cljsbuild/public/js/out/scrambler/core.js
Compiling build :app to "target/cljsbuild/public/js/app.js" from ["src/cljs" "src/cljc" "env/dev/cljs"]...
[31mFailed to compile build :app from ["src/cljs" "src/cljc" "env/dev/cljs"] in 0.402 seconds.[0m
[36m----  Could not Read  src/cljs/scrambler/core.cljs   line:59 ----[0m

  [1m/Users/vijay/work/learning/scrambler/src/cljs/scrambler/core.cljs [line 59, col 23] Unmatched delimiter ).[0m

  [36m57[0m  [36m        :value (:target @session)}]][0m
  [36m58[0m  [36m     [:button.btn-primary {:type "button"}[0m
  [33m59[0m  [1m      "Find out!"]]]])[0m
  [0m  [0m  [33m      /Users/vijay/work/learning/scrambler/src/cljs/scrambler/core.cljs [line 59, col 23] Unmatched delimiter ).[0m
  [36m60[0m  [36m[0m
  [36m61[0m  [36m(def pages[0m
  [36m62[0m  [36m  {:home #'home-page})[0m

[36m----  Reader Error : Please see src/cljs/scrambler/core.cljs  ----[0m
Compiling build :app to "target/cljsbuild/public/js/app.js" from ["src/cljs" "src/cljc" "env/dev/cljs"]...
[32mSuccessfully compiled build :app to "target/cljsbuild/public/js/app.js" in 0.549 seconds.[0m
notifying browser that file changed:  target/cljsbuild/public/js/out/scrambler/core.js
Compiling build :app to "target/cljsbuild/public/js/app.js" from ["src/cljs" "src/cljc" "env/dev/cljs"]...
[32mSuccessfully compiled build :app to "target/cljsbuild/public/js/app.js" in 0.57 seconds.[0m
notifying browser that file changed:  target/cljsbuild/public/js/out/scrambler/core.js
Compiling build :app to "target/cljsbuild/public/js/app.js" from ["src/cljs" "src/cljc" "env/dev/cljs"]...
[32mSuccessfully compiled build :app to "target/cljsbuild/public/js/app.js" in 0.543 seconds.[0m
notifying browser that file changed:  target/cljsbuild/public/js/out/scrambler/core.js
Compiling build :app to "target/cljsbuild/public/js/app.js" from ["src/cljs" "src/cljc" "env/dev/cljs"]...
[32mSuccessfully compiled build :app to "target/cljsbuild/public/js/app.js" in 0.557 seconds.[0m
notifying browser that file changed:  target/cljsbuild/public/js/out/scrambler/core.js
Compiling build :app to "target/cljsbuild/public/js/app.js" from ["src/cljs" "src/cljc" "env/dev/cljs"]...
[32mSuccessfully compiled build :app to "target/cljsbuild/public/js/app.js" in 0.609 seconds.[0m
notifying browser that file changed:  target/cljsbuild/public/js/out/scrambler/core.js
Compiling build :app to "target/cljsbuild/public/js/app.js" from ["src/cljs" "src/cljc" "env/dev/cljs"]...
[32mSuccessfully compiled build :app to "target/cljsbuild/public/js/app.js" in 0.56 seconds.[0m
notifying browser that file changed:  target/cljsbuild/public/js/out/scrambler/core.js
Compiling build :app to "target/cljsbuild/public/js/app.js" from ["src/cljs" "src/cljc" "env/dev/cljs"]...
[32mSuccessfully compiled build :app to "target/cljsbuild/public/js/app.js" in 0.537 seconds.[0m
notifying browser that file changed:  target/cljsbuild/public/js/out/scrambler/core.js
Compiling build :app to "target/cljsbuild/public/js/app.js" from ["src/cljs" "src/cljc" "env/dev/cljs"]...
[31mFailed to compile build :app from ["src/cljs" "src/cljc" "env/dev/cljs"] in 0.382 seconds.[0m
[36m----  Could not Read  src/cljs/scrambler/core.cljs   line:46 ----[0m

  [1m/Users/vijay/work/learning/scrambler/src/cljs/scrambler/core.cljs [line 46, col 38] The map literal starting with :keys on line 46 column 10 contains 5 form(s). Map literals must contain an even number of forms.[0m

  [36m44[0m  [36m          (:src @session))][0m
  [36m45[0m  [36m    [:div.alert.alert-danger "Sorry! Nope"]))[0m
  [33m46[0m  [1m(let [{:keys src target :as data } @session][0m
  [0m  [0m  [33m/Users/vijay/work/learning/scrambler/src/cljs/scrambler/core.cljs [line 46, col 38] The map literal starting with :keys on line 46 column 10 contains 5 form(s). Map literals must contain an even number of forms.[0m
  [36m47[0m  [36m [:div.row>div.col-sm-12[0m
  [36m48[0m  [36m  [:form[0m
  [36m49[0m  [36m   [:div.form-group[0m

[36m----  Reader Error : Please see src/cljs/scrambler/core.cljs  ----[0m
Compiling build :app to "target/cljsbuild/public/js/app.js" from ["src/cljs" "src/cljc" "env/dev/cljs"]...
[31mFailed to compile build :app from ["src/cljs" "src/cljc" "env/dev/cljs"] in 0.435 seconds.[0m
[36m----  Could not Read  src/cljs/scrambler/core.cljs   line:46 ----[0m

  [1m/Users/vijay/work/learning/scrambler/src/cljs/scrambler/core.cljs [line 46, col 38] The map literal starting with :keys on line 46 column 10 contains 5 form(s). Map literals must contain an even number of forms.[0m

  [36m44[0m  [36m          (:src @session))][0m
  [36m45[0m  [36m    [:div.alert.alert-danger "Sorry! Nope"]))[0m
  [33m46[0m  [1m(let [{:keys src target :as data } @session][0m
  [0m  [0m  [33m/Users/vijay/work/learning/scrambler/src/cljs/scrambler/core.cljs [line 46, col 38] The map literal starting with :keys on line 46 column 10 contains 5 form(s). Map literals must contain an even number of forms.[0m
  [36m47[0m  [36m [:div.row>div.col-sm-12[0m
  [36m48[0m  [36m  [:form[0m
  [36m49[0m  [36m   [:div.form-group[0m

[36m----  Reader Error : Please see src/cljs/scrambler/core.cljs  ----[0m
Compiling build :app to "target/cljsbuild/public/js/app.js" from ["src/cljs" "src/cljc" "env/dev/cljs"]...
[32mSuccessfully compiled build :app to "target/cljsbuild/public/js/app.js" in 0.531 seconds.[0m
notifying browser that file changed:  target/cljsbuild/public/js/out/scrambler/core.js
Compiling build :app to "target/cljsbuild/public/js/app.js" from ["src/cljs" "src/cljc" "env/dev/cljs"]...
[32mSuccessfully compiled build :app to "target/cljsbuild/public/js/app.js" in 0.539 seconds.[0m
notifying browser that file changed:  target/cljsbuild/public/js/out/scrambler/core.js
Compiling build :app to "target/cljsbuild/public/js/app.js" from ["src/cljs" "src/cljc" "env/dev/cljs"]...
[36m----  Compiler Warning on   src/cljs/scrambler/core.cljs   line:37  column:48  ----[0m

  [1mUse of undeclared Var scrambler.core/e[0m

  [36m33[0m  [36m(defn src-input [value][0m
  [36m34[0m  [36m  [:input.form-control {:type "text"[0m
  [36m35[0m  [36m           :value value[0m
  [36m36[0m  [36m                        :on-change #(swap! session assoc :src[0m
  [33m37[0m  [1m                                           (.. e -target -value))}])[0m
  [0m  [0m  [33m                                               ^--- Use of undeclared Var scrambler.core/e[0m
  [36m38[0m  [36m[0m
  [36m39[0m  [36m(defn home-page [][0m
  [36m40[0m  [36m  [:div.container[0m
  [36m41[0m  [36m   (let [result (:results @session)][0m
  [36m42[0m  [36m     (if true[0m

[36m----  Compiler Warning : Please see src/cljs/scrambler/core.cljs  ----[0m
[32mSuccessfully compiled build :app to "target/cljsbuild/public/js/app.js" in 0.601 seconds.[0m
notifying browser that file changed:  target/cljsbuild/public/js/out/scrambler/core.js
Compiling build :app to "target/cljsbuild/public/js/app.js" from ["src/cljs" "src/cljc" "env/dev/cljs"]...
[32mSuccessfully compiled build :app to "target/cljsbuild/public/js/app.js" in 0.539 seconds.[0m
notifying browser that file changed:  target/cljsbuild/public/js/out/scrambler/core.js
Compiling build :app to "target/cljsbuild/public/js/app.js" from ["src/cljs" "src/cljc" "env/dev/cljs"]...
[32mSuccessfully compiled build :app to "target/cljsbuild/public/js/app.js" in 0.583 seconds.[0m
notifying browser that file changed:  target/cljsbuild/public/js/out/scrambler/core.js
Compiling build :app to "target/cljsbuild/public/js/app.js" from ["src/cljs" "src/cljc" "env/dev/cljs"]...
[32mSuccessfully compiled build :app to "target/cljsbuild/public/js/app.js" in 0.527 seconds.[0m
notifying browser that file changed:  target/cljsbuild/public/js/out/scrambler/core.js
Compiling build :app to "target/cljsbuild/public/js/app.js" from ["src/cljs" "src/cljc" "env/dev/cljs"]...
[32mSuccessfully compiled build :app to "target/cljsbuild/public/js/app.js" in 0.531 seconds.[0m
notifying browser that file changed:  target/cljsbuild/public/js/out/scrambler/core.js
Compiling build :app to "target/cljsbuild/public/js/app.js" from ["src/cljs" "src/cljc" "env/dev/cljs"]...
[32mSuccessfully compiled build :app to "target/cljsbuild/public/js/app.js" in 0.542 seconds.[0m
notifying browser that file changed:  target/cljsbuild/public/js/out/scrambler/core.js
Compiling build :app to "target/cljsbuild/public/js/app.js" from ["src/cljs" "src/cljc" "env/dev/cljs"]...
[32mSuccessfully compiled build :app to "target/cljsbuild/public/js/app.js" in 0.536 seconds.[0m
notifying browser that file changed:  target/cljsbuild/public/js/out/scrambler/core.js
Compiling build :app to "target/cljsbuild/public/js/app.js" from ["src/cljs" "src/cljc" "env/dev/cljs"]...
[32mSuccessfully compiled build :app to "target/cljsbuild/public/js/app.js" in 0.534 seconds.[0m
notifying browser that file changed:  target/cljsbuild/public/js/out/scrambler/core.js
Compiling build :app to "target/cljsbuild/public/js/app.js" from ["src/cljs" "src/cljc" "env/dev/cljs"]...
[32mSuccessfully compiled build :app to "target/cljsbuild/public/js/app.js" in 0.552 seconds.[0m
notifying browser that file changed:  target/cljsbuild/public/js/out/scrambler/core.js
Compiling build :app to "target/cljsbuild/public/js/app.js" from ["src/cljs" "src/cljc" "env/dev/cljs"]...
[32mSuccessfully compiled build :app to "target/cljsbuild/public/js/app.js" in 0.531 seconds.[0m
notifying browser that file changed:  target/cljsbuild/public/js/out/scrambler/core.js
Compiling build :app to "target/cljsbuild/public/js/app.js" from ["src/cljs" "src/cljc" "env/dev/cljs"]...
[32mSuccessfully compiled build :app to "target/cljsbuild/public/js/app.js" in 0.539 seconds.[0m
notifying browser that file changed:  target/cljsbuild/public/js/out/scrambler/core.js
Compiling build :app to "target/cljsbuild/public/js/app.js" from ["src/cljs" "src/cljc" "env/dev/cljs"]...
[32mSuccessfully compiled build :app to "target/cljsbuild/public/js/app.js" in 0.525 seconds.[0m
notifying browser that file changed:  target/cljsbuild/public/js/out/scrambler/core.js
Compiling build :app to "target/cljsbuild/public/js/app.js" from ["src/cljs" "src/cljc" "env/dev/cljs"]...
[32mSuccessfully compiled build :app to "target/cljsbuild/public/js/app.js" in 0.545 seconds.[0m
notifying browser that file changed:  target/cljsbuild/public/js/out/scrambler/core.js
Compiling build :app to "target/cljsbuild/public/js/app.js" from ["src/cljs" "src/cljc" "env/dev/cljs"]...
[32mSuccessfully compiled build :app to "target/cljsbuild/public/js/app.js" in 0.588 seconds.[0m
notifying browser that file changed:  target/cljsbuild/public/js/out/scrambler/core.js
Compiling build :app to "target/cljsbuild/public/js/app.js" from ["src/cljs" "src/cljc" "env/dev/cljs"]...
[36m----  Compiler Warning on   src/cljs/scrambler/core.cljs   line:49  column:20  ----[0m

  [1mUse of undeclared Var scrambler.core/src[0m

  [36m45[0m  [36m[:form#scrambler-form[0m
  [36m46[0m  [36m[:div.form-group[0m
  [36m47[0m  [36m [:label {:for "src"}[0m
  [36m48[0m  [36m  "Can this text:"][0m
  [33m49[0m  [1m [str-input :src src]][0m
  [0m  [0m  [33m                 ^--- Use of undeclared Var scrambler.core/src[0m
  [36m50[0m  [36m[:div.form-group[0m
  [36m51[0m  [36m [:label {:for "target"}[0m
  [36m52[0m  [36m  "be made from this:"][0m
  [36m53[0m  [36m [str-input :target target][0m
  [36m54[0m  [36m ][0m

[36m----  Compiler Warning : Please see src/cljs/scrambler/core.cljs  ----[0m
[36m----  Compiler Warning on   src/cljs/scrambler/core.cljs   line:53  column:23  ----[0m

  [1mUse of undeclared Var scrambler.core/target[0m

  [36m49[0m  [36m [str-input :src src]][0m
  [36m50[0m  [36m[:div.form-group[0m
  [36m51[0m  [36m [:label {:for "target"}[0m
  [36m52[0m  [36m  "be made from this:"][0m
  [33m53[0m  [1m [str-input :target target][0m
  [0m  [0m  [33m                    ^--- Use of undeclared Var scrambler.core/target[0m
  [36m54[0m  [36m ][0m
  [36m55[0m  [36m[:button.btn-primary[0m
  [36m56[0m  [36m {:type "button"[0m
  [36m57[0m  [36m  :on-click #(fetch-results! )}[0m
  [36m58[0m  [36m "Find out!"]])[0m

[36m----  Compiler Warning : Please see src/cljs/scrambler/core.cljs  ----[0m
[32mSuccessfully compiled build :app to "target/cljsbuild/public/js/app.js" in 0.636 seconds.[0m
notifying browser that file changed:  target/cljsbuild/public/js/out/scrambler/core.js
Compiling build :app to "target/cljsbuild/public/js/app.js" from ["src/cljs" "src/cljc" "env/dev/cljs"]...
[36m----  Compiler Warning on   src/cljs/scrambler/core.cljs   line:49  column:21  ----[0m

  [1mUse of undeclared Var scrambler.core/src[0m

  [36m45[0m  [36m[:form#scrambler-form[0m
  [36m46[0m  [36m [:div.form-group[0m
  [36m47[0m  [36m  [:label {:for "src"}[0m
  [36m48[0m  [36m   "Can this text:"][0m
  [33m49[0m  [1m  [str-input :src src]][0m
  [0m  [0m  [33m                  ^--- Use of undeclared Var scrambler.core/src[0m
  [36m50[0m  [36m [:div.form-group[0m
  [36m51[0m  [36m  [:label {:for "target"}[0m
  [36m52[0m  [36m   "be made from this:"][0m
  [36m53[0m  [36m  [str-input :target target][0m
  [36m54[0m  [36m  ][0m

[36m----  Compiler Warning : Please see src/cljs/scrambler/core.cljs  ----[0m
[36m----  Compiler Warning on   src/cljs/scrambler/core.cljs   line:53  column:24  ----[0m

  [1mUse of undeclared Var scrambler.core/target[0m

  [36m49[0m  [36m [str-input :src src]][0m
  [36m50[0m  [36m[:div.form-group[0m
  [36m51[0m  [36m [:label {:for "target"}[0m
  [36m52[0m  [36m  "be made from this:"][0m
  [33m53[0m  [1m [str-input :target target][0m
  [0m  [0m  [33m                    ^--- Use of undeclared Var scrambler.core/target[0m
  [36m54[0m  [36m ][0m
  [36m55[0m  [36m[:button.btn-primary[0m
  [36m56[0m  [36m {:type "button"[0m
  [36m57[0m  [36m  :on-click #(fetch-results! )}[0m
  [36m58[0m  [36m "Find out!"]])[0m

[36m----  Compiler Warning : Please see src/cljs/scrambler/core.cljs  ----[0m
[32mSuccessfully compiled build :app to "target/cljsbuild/public/js/app.js" in 0.626 seconds.[0m
notifying browser that file changed:  target/cljsbuild/public/js/out/scrambler/core.js
Compiling build :app to "target/cljsbuild/public/js/app.js" from ["src/cljs" "src/cljc" "env/dev/cljs"]...
[36m----  Compiler Warning on   src/cljs/scrambler/core.cljs   line:49  column:21  ----[0m

  [1mUse of undeclared Var scrambler.core/src[0m

  [36m45[0m  [36m[:form#scrambler-form[0m
  [36m46[0m  [36m [:div.form-group[0m
  [36m47[0m  [36m  [:label {:for "src"}[0m
  [36m48[0m  [36m   "Can this text:"][0m
  [33m49[0m  [1m  [str-input :src src]][0m
  [0m  [0m  [33m                  ^--- Use of undeclared Var scrambler.core/src[0m
  [36m50[0m  [36m [:div.form-group[0m
  [36m51[0m  [36m  [:label {:for "target"}[0m
  [36m52[0m  [36m   "be made from this:"][0m
  [36m53[0m  [36m  [str-input :target target][0m
  [36m54[0m  [36m  ][0m

[36m----  Compiler Warning : Please see src/cljs/scrambler/core.cljs  ----[0m
[36m----  Compiler Warning on   src/cljs/scrambler/core.cljs   line:53  column:24  ----[0m

  [1mUse of undeclared Var scrambler.core/target[0m

  [36m49[0m  [36m [str-input :src src]][0m
  [36m50[0m  [36m[:div.form-group[0m
  [36m51[0m  [36m [:label {:for "target"}[0m
  [36m52[0m  [36m  "be made from this:"][0m
  [33m53[0m  [1m [str-input :target target][0m
  [0m  [0m  [33m                    ^--- Use of undeclared Var scrambler.core/target[0m
  [36m54[0m  [36m ][0m
  [36m55[0m  [36m[:button.btn-primary[0m
  [36m56[0m  [36m {:type "button"[0m
  [36m57[0m  [36m  :on-click #(fetch-results!)}[0m
  [36m58[0m  [36m "Find out!"]])[0m

[36m----  Compiler Warning : Please see src/cljs/scrambler/core.cljs  ----[0m
[32mSuccessfully compiled build :app to "target/cljsbuild/public/js/app.js" in 0.626 seconds.[0m
notifying browser that file changed:  target/cljsbuild/public/js/out/scrambler/core.js
Compiling build :app to "target/cljsbuild/public/js/app.js" from ["src/cljs" "src/cljc" "env/dev/cljs"]...
[32mSuccessfully compiled build :app to "target/cljsbuild/public/js/app.js" in 0.583 seconds.[0m
notifying browser that file changed:  target/cljsbuild/public/js/out/scrambler/core.js
Compiling build :app to "target/cljsbuild/public/js/app.js" from ["src/cljs" "src/cljc" "env/dev/cljs"]...
[32mSuccessfully compiled build :app to "target/cljsbuild/public/js/app.js" in 0.622 seconds.[0m
notifying browser that file changed:  target/cljsbuild/public/js/out/scrambler/core.js
Compiling build :app to "target/cljsbuild/public/js/app.js" from ["src/cljs" "src/cljc" "env/dev/cljs"]...
[32mSuccessfully compiled build :app to "target/cljsbuild/public/js/app.js" in 0.783 seconds.[0m
notifying browser that file changed:  target/cljsbuild/public/js/out/scrambler/core.js
Compiling build :app to "target/cljsbuild/public/js/app.js" from ["src/cljs" "src/cljc" "env/dev/cljs"]...
[36m----  Compiler Warning on   src/cljs/scrambler/core.cljs   line:41  column:31  ----[0m

  [1mUse of undeclared Var scrambler.core/select-key[0m

  [36m37[0m  [36m                                           (.. % -target -value))}])[0m
  [36m38[0m  [36m[0m
  [36m39[0m  [36m(defn fetch-results! [][0m
  [36m40[0m  [36m  (POST "/scramble" {:handler #(swap! session assoc :results %)[0m
  [33m41[0m  [1m                     :params (select-key @session [:src :target])}))[0m
  [0m  [0m  [33m                              ^--- Use of undeclared Var scrambler.core/select-key[0m
  [36m42[0m  [36m[0m
  [36m43[0m  [36m(defn scrambler-form [][0m
  [36m44[0m  [36m  (let [{:keys [src target] :as data} @session][0m
  [36m45[0m  [36m   [:form#scrambler-form[0m
  [36m46[0m  [36m    [:div.form-group[0m

[36m----  Compiler Warning : Please see src/cljs/scrambler/core.cljs  ----[0m
[32mSuccessfully compiled build :app to "target/cljsbuild/public/js/app.js" in 1.699 seconds.[0m
notifying browser that file changed:  target/cljsbuild/public/js/out/goog/deps.js
notifying browser that file changed:  target/cljsbuild/public/js/out/cljs_deps.js
notifying browser that file changed:  target/cljsbuild/public/js/out/scrambler/core.js
Compiling build :app to "target/cljsbuild/public/js/app.js" from ["src/cljs" "src/cljc" "env/dev/cljs"]...
[32mSuccessfully compiled build :app to "target/cljsbuild/public/js/app.js" in 0.671 seconds.[0m
notifying browser that file changed:  target/cljsbuild/public/js/out/scrambler/core.js
Compiling build :app to "target/cljsbuild/public/js/app.js" from ["src/cljs" "src/cljc" "env/dev/cljs"]...
[32mSuccessfully compiled build :app to "target/cljsbuild/public/js/app.js" in 0.906 seconds.[0m
notifying browser that file changed:  target/cljsbuild/public/js/out/scrambler/core.js
Compiling build :app to "target/cljsbuild/public/js/app.js" from ["src/cljs" "src/cljc" "env/dev/cljs"]...
[32mSuccessfully compiled build :app to "target/cljsbuild/public/js/app.js" in 0.775 seconds.[0m
notifying browser that file changed:  target/cljsbuild/public/js/out/scrambler/core.js
Compiling build :app to "target/cljsbuild/public/js/app.js" from ["src/cljs" "src/cljc" "env/dev/cljs"]...
[31mFailed to compile build :app from ["src/cljs" "src/cljc" "env/dev/cljs"] in 0.614 seconds.[0m
[36m----  Could not Read  src/cljs/scrambler/core.cljs   line:41 ----[0m

  [1m/Users/vijay/work/learning/scrambler/src/cljs/scrambler/core.cljs [line 41, col 68] The map literal starting with :handler on line 40 column 21 contains 3 form(s). Map literals must contain an even number of forms.[0m

  [36m39[0m  [36m(defn fetch-results! [][0m
  [36m40[0m  [36m  (POST "/scramble" {:handler[0m
  [33m41[0m  [1m                     :params (select-keys @session [:src :target])}))[0m
  [0m  [0m  [33m                     /Users/vijay/work/learning/scrambler/src/cljs/scrambler/core.cljs [line 41, col 68] The map literal starting with :handler on line 40 column 21 contains 3 form(s). Map literals must contain an even number of forms.[0m
  [36m42[0m  [36m[0m
  [36m43[0m  [36m(defn scrambler-form [][0m
  [36m44[0m  [36m  (let [{:keys [src target] :as data} @session][0m

[36m----  Reader Error : Please see src/cljs/scrambler/core.cljs  ----[0m
Compiling build :app to "target/cljsbuild/public/js/app.js" from ["src/cljs" "src/cljc" "env/dev/cljs"]...
[32mSuccessfully compiled build :app to "target/cljsbuild/public/js/app.js" in 0.699 seconds.[0m
notifying browser that file changed:  target/cljsbuild/public/js/out/scrambler/core.js
Compiling build :app to "target/cljsbuild/public/js/app.js" from ["src/cljs" "src/cljc" "env/dev/cljs"]...
[32mSuccessfully compiled build :app to "target/cljsbuild/public/js/app.js" in 0.864 seconds.[0m
notifying browser that file changed:  target/cljsbuild/public/js/out/scrambler/core.js
Compiling build :app to "target/cljsbuild/public/js/app.js" from ["src/cljs" "src/cljc" "env/dev/cljs"]...
[36m----  Compiler Warning on   src/cljs/scrambler/core.cljs   line:43  column:39  ----[0m

  [1mWrong number of args (1) passed to cljs.core/assoc![0m

  [36m39[0m  [36m(defn fetch-results! [][0m
  [36m40[0m  [36m  (POST "/scramble" {:handler (fn [response][0m
  [36m41[0m  [36m                                (.log js/console (:result  response))[0m
  [36m42[0m  [36m                                (.log js/console[0m
  [33m43[0m  [1m                                      (assoc! @session)))[0m
  [0m  [0m  [33m                                      ^--- Wrong number of args (1) passed to cljs.core/assoc![0m
  [36m44[0m  [36m                     :params (select-keys @session [:src :target])}))[0m
  [36m45[0m  [36m[0m
  [36m46[0m  [36m(defn scrambler-form [][0m
  [36m47[0m  [36m  (let [{:keys [src target] :as data} @session][0m
  [36m48[0m  [36m   [:form#scrambler-form[0m

[36m----  Compiler Warning : Please see src/cljs/scrambler/core.cljs  ----[0m
[32mSuccessfully compiled build :app to "target/cljsbuild/public/js/app.js" in 0.822 seconds.[0m
notifying browser that file changed:  target/cljsbuild/public/js/out/scrambler/core.js
Compiling build :app to "target/cljsbuild/public/js/app.js" from ["src/cljs" "src/cljc" "env/dev/cljs"]...
[32mSuccessfully compiled build :app to "target/cljsbuild/public/js/app.js" in 0.812 seconds.[0m
notifying browser that file changed:  target/cljsbuild/public/js/out/scrambler/core.js
Compiling build :app to "target/cljsbuild/public/js/app.js" from ["src/cljs" "src/cljc" "env/dev/cljs"]...
[32mSuccessfully compiled build :app to "target/cljsbuild/public/js/app.js" in 0.658 seconds.[0m
notifying browser that file changed:  target/cljsbuild/public/js/out/scrambler/core.js
Compiling build :app to "target/cljsbuild/public/js/app.js" from ["src/cljs" "src/cljc" "env/dev/cljs"]...
[32mSuccessfully compiled build :app to "target/cljsbuild/public/js/app.js" in 0.763 seconds.[0m
notifying browser that file changed:  target/cljsbuild/public/js/out/scrambler/core.js
Compiling build :app to "target/cljsbuild/public/js/app.js" from ["src/cljs" "src/cljc" "env/dev/cljs"]...
[36m----  Compiler Warning on   src/cljs/scrambler/core.cljs   line:41  column:34  ----[0m

  [1mUse of undeclared Var scrambler.core/class[0m

  [36m37[0m  [36m                                           (.. % -target -value))}])[0m
  [36m38[0m  [36m[0m
  [36m39[0m  [36m(defn fetch-results! [][0m
  [36m40[0m  [36m  (POST "/scramble" {:handler (fn [response][0m
  [33m41[0m  [1m                                (class response)[0m
  [0m  [0m  [33m                                 ^--- Use of undeclared Var scrambler.core/class[0m
  [36m42[0m  [36m                                (.log js/console (:result response))[0m
  [36m43[0m  [36m                                (.log js/console @session))[0m
  [36m44[0m  [36m                     :params (select-keys @session [:src :target])}))[0m
  [36m45[0m  [36m[0m
  [36m46[0m  [36m(defn scrambler-form [][0m

[36m----  Compiler Warning : Please see src/cljs/scrambler/core.cljs  ----[0m
[32mSuccessfully compiled build :app to "target/cljsbuild/public/js/app.js" in 0.657 seconds.[0m
notifying browser that file changed:  target/cljsbuild/public/js/out/scrambler/core.js
Compiling build :app to "target/cljsbuild/public/js/app.js" from ["src/cljs" "src/cljc" "env/dev/cljs"]...
[32mSuccessfully compiled build :app to "target/cljsbuild/public/js/app.js" in 0.609 seconds.[0m
notifying browser that file changed:  target/cljsbuild/public/js/out/scrambler/core.js
Compiling build :app to "target/cljsbuild/public/js/app.js" from ["src/cljs" "src/cljc" "env/dev/cljs"]...
[32mSuccessfully compiled build :app to "target/cljsbuild/public/js/app.js" in 0.59 seconds.[0m
notifying browser that file changed:  target/cljsbuild/public/js/out/scrambler/core.js
Compiling build :app to "target/cljsbuild/public/js/app.js" from ["src/cljs" "src/cljc" "env/dev/cljs"]...
[32mSuccessfully compiled build :app to "target/cljsbuild/public/js/app.js" in 0.619 seconds.[0m
notifying browser that file changed:  target/cljsbuild/public/js/out/scrambler/core.js
Compiling build :app to "target/cljsbuild/public/js/app.js" from ["src/cljs" "src/cljc" "env/dev/cljs"]...
[32mSuccessfully compiled build :app to "target/cljsbuild/public/js/app.js" in 0.735 seconds.[0m
notifying browser that file changed:  target/cljsbuild/public/js/out/scrambler/core.js
Compiling build :app to "target/cljsbuild/public/js/app.js" from ["src/cljs" "src/cljc" "env/dev/cljs"]...
[32mSuccessfully compiled build :app to "target/cljsbuild/public/js/app.js" in 0.575 seconds.[0m
notifying browser that file changed:  target/cljsbuild/public/js/out/scrambler/core.js
Compiling build :app to "target/cljsbuild/public/js/app.js" from ["src/cljs" "src/cljc" "env/dev/cljs"]...
[32mSuccessfully compiled build :app to "target/cljsbuild/public/js/app.js" in 0.622 seconds.[0m
notifying browser that file changed:  target/cljsbuild/public/js/out/scrambler/core.js
Compiling build :app to "target/cljsbuild/public/js/app.js" from ["src/cljs" "src/cljc" "env/dev/cljs"]...
[32mSuccessfully compiled build :app to "target/cljsbuild/public/js/app.js" in 0.608 seconds.[0m
notifying browser that file changed:  target/cljsbuild/public/js/out/scrambler/core.js
Compiling build :app to "target/cljsbuild/public/js/app.js" from ["src/cljs" "src/cljc" "env/dev/cljs"]...
[32mSuccessfully compiled build :app to "target/cljsbuild/public/js/app.js" in 0.61 seconds.[0m
notifying browser that file changed:  target/cljsbuild/public/js/out/scrambler/core.js
Compiling build :app to "target/cljsbuild/public/js/app.js" from ["src/cljs" "src/cljc" "env/dev/cljs"]...
[32mSuccessfully compiled build :app to "target/cljsbuild/public/js/app.js" in 0.639 seconds.[0m
notifying browser that file changed:  target/cljsbuild/public/js/out/scrambler/core.js
Compiling build :app to "target/cljsbuild/public/js/app.js" from ["src/cljs" "src/cljc" "env/dev/cljs"]...
[32mSuccessfully compiled build :app to "target/cljsbuild/public/js/app.js" in 0.637 seconds.[0m
notifying browser that file changed:  target/cljsbuild/public/js/out/scrambler/core.js
Compiling build :app to "target/cljsbuild/public/js/app.js" from ["src/cljs" "src/cljc" "env/dev/cljs"]...
[32mSuccessfully compiled build :app to "target/cljsbuild/public/js/app.js" in 0.611 seconds.[0m
notifying browser that file changed:  target/cljsbuild/public/js/out/scrambler/core.js
Compiling build :app to "target/cljsbuild/public/js/app.js" from ["src/cljs" "src/cljc" "env/dev/cljs"]...
[32mSuccessfully compiled build :app to "target/cljsbuild/public/js/app.js" in 0.867 seconds.[0m
notifying browser that file changed:  target/cljsbuild/public/js/out/scrambler/core.js
Compiling build :app to "target/cljsbuild/public/js/app.js" from ["src/cljs" "src/cljc" "env/dev/cljs"]...
[32mSuccessfully compiled build :app to "target/cljsbuild/public/js/app.js" in 0.589 seconds.[0m
notifying browser that file changed:  target/cljsbuild/public/js/out/scrambler/core.js
Compiling build :app to "target/cljsbuild/public/js/app.js" from ["src/cljs" "src/cljc" "env/dev/cljs"]...
[32mSuccessfully compiled build :app to "target/cljsbuild/public/js/app.js" in 0.568 seconds.[0m
notifying browser that file changed:  target/cljsbuild/public/js/out/scrambler/core.js
Compiling build :app to "target/cljsbuild/public/js/app.js" from ["src/cljs" "src/cljc" "env/dev/cljs"]...
[32mSuccessfully compiled build :app to "target/cljsbuild/public/js/app.js" in 0.577 seconds.[0m
notifying browser that file changed:  target/cljsbuild/public/js/out/scrambler/core.js
Compiling build :app to "target/cljsbuild/public/js/app.js" from ["src/cljs" "src/cljc" "env/dev/cljs"]...
[32mSuccessfully compiled build :app to "target/cljsbuild/public/js/app.js" in 0.772 seconds.[0m
notifying browser that file changed:  target/cljsbuild/public/js/out/scrambler/core.js
Compiling build :app to "target/cljsbuild/public/js/app.js" from ["src/cljs" "src/cljc" "env/dev/cljs"]...
[36m----  Compiler Warning on   src/cljs/scrambler/core.cljs   line:40  column:33  ----[0m

  [1mUse of undeclared Var scrambler.core/stuff[0m

  [36m36[0m  [36m                        :on-change #(swap! session assoc param[0m
  [36m37[0m  [36m                                           (.. % -target -value))}])[0m
  [36m38[0m  [36m[0m
  [36m39[0m  [36m(defn fetch-results! [][0m
  [33m40[0m  [1m  (POST "/scramble" {:handler #(stuff (swap! session merge %))[0m
  [0m  [0m  [33m                                ^--- Use of undeclared Var scrambler.core/stuff[0m
  [36m41[0m  [36m                     :response-format :transit[0m
  [36m42[0m  [36m                     :params (select-keys @session [:src :target])}))[0m
  [36m43[0m  [36m[0m
  [36m44[0m  [36m(defn scrambler-form [][0m
  [36m45[0m  [36m  (let [{:keys [src target result] :as data} @session][0m

[36m----  Compiler Warning : Please see src/cljs/scrambler/core.cljs  ----[0m
[32mSuccessfully compiled build :app to "target/cljsbuild/public/js/app.js" in 0.61 seconds.[0m
notifying browser that file changed:  target/cljsbuild/public/js/out/scrambler/core.js
Compiling build :app to "target/cljsbuild/public/js/app.js" from ["src/cljs" "src/cljc" "env/dev/cljs"]...
[32mSuccessfully compiled build :app to "target/cljsbuild/public/js/app.js" in 0.601 seconds.[0m
notifying browser that file changed:  target/cljsbuild/public/js/out/scrambler/core.js
Compiling build :app to "target/cljsbuild/public/js/app.js" from ["src/cljs" "src/cljc" "env/dev/cljs"]...
[32mSuccessfully compiled build :app to "target/cljsbuild/public/js/app.js" in 0.571 seconds.[0m
notifying browser that file changed:  target/cljsbuild/public/js/out/scrambler/core.js
Compiling build :app to "target/cljsbuild/public/js/app.js" from ["src/cljs" "src/cljc" "env/dev/cljs"]...
[32mSuccessfully compiled build :app to "target/cljsbuild/public/js/app.js" in 0.618 seconds.[0m
notifying browser that file changed:  target/cljsbuild/public/js/out/scrambler/core.js
Compiling build :app to "target/cljsbuild/public/js/app.js" from ["src/cljs" "src/cljc" "env/dev/cljs"]...
[32mSuccessfully compiled build :app to "target/cljsbuild/public/js/app.js" in 0.581 seconds.[0m
notifying browser that file changed:  target/cljsbuild/public/js/out/scrambler/core.js
Compiling build :app to "target/cljsbuild/public/js/app.js" from ["src/cljs" "src/cljc" "env/dev/cljs"]...
[32mSuccessfully compiled build :app to "target/cljsbuild/public/js/app.js" in 0.573 seconds.[0m
notifying browser that file changed:  target/cljsbuild/public/js/out/scrambler/core.js
Compiling build :app to "target/cljsbuild/public/js/app.js" from ["src/cljs" "src/cljc" "env/dev/cljs"]...
[32mSuccessfully compiled build :app to "target/cljsbuild/public/js/app.js" in 0.583 seconds.[0m
notifying browser that file changed:  target/cljsbuild/public/js/out/scrambler/core.js
Compiling build :app to "target/cljsbuild/public/js/app.js" from ["src/cljs" "src/cljc" "env/dev/cljs"]...
[32mSuccessfully compiled build :app to "target/cljsbuild/public/js/app.js" in 0.576 seconds.[0m
notifying browser that file changed:  target/cljsbuild/public/js/out/scrambler/core.js
Compiling build :app to "target/cljsbuild/public/js/app.js" from ["src/cljs" "src/cljc" "env/dev/cljs"]...
[32mSuccessfully compiled build :app to "target/cljsbuild/public/js/app.js" in 0.574 seconds.[0m
notifying browser that file changed:  target/cljsbuild/public/js/out/scrambler/core.js
Compiling build :app to "target/cljsbuild/public/js/app.js" from ["src/cljs" "src/cljc" "env/dev/cljs"]...
[32mSuccessfully compiled build :app to "target/cljsbuild/public/js/app.js" in 0.6 seconds.[0m
notifying browser that file changed:  target/cljsbuild/public/js/out/scrambler/core.js
Compiling build :app to "target/cljsbuild/public/js/app.js" from ["src/cljs" "src/cljc" "env/dev/cljs"]...
[32mSuccessfully compiled build :app to "target/cljsbuild/public/js/app.js" in 0.582 seconds.[0m
notifying browser that file changed:  target/cljsbuild/public/js/out/scrambler/core.js
Compiling build :app to "target/cljsbuild/public/js/app.js" from ["src/cljs" "src/cljc" "env/dev/cljs"]...
[32mSuccessfully compiled build :app to "target/cljsbuild/public/js/app.js" in 0.777 seconds.[0m
notifying browser that file changed:  target/cljsbuild/public/js/out/scrambler/core.js
Compiling build :app to "target/cljsbuild/public/js/app.js" from ["src/cljs" "src/cljc" "env/dev/cljs"]...
[32mSuccessfully compiled build :app to "target/cljsbuild/public/js/app.js" in 0.82 seconds.[0m
notifying browser that file changed:  target/cljsbuild/public/js/out/scrambler/core.js
Compiling build :app to "target/cljsbuild/public/js/app.js" from ["src/cljs" "src/cljc" "env/dev/cljs"]...
[32mSuccessfully compiled build :app to "target/cljsbuild/public/js/app.js" in 0.804 seconds.[0m
notifying browser that file changed:  target/cljsbuild/public/js/out/scrambler/core.js
Compiling build :app to "target/cljsbuild/public/js/app.js" from ["src/cljs" "src/cljc" "env/dev/cljs"]...
[32mSuccessfully compiled build :app to "target/cljsbuild/public/js/app.js" in 0.534 seconds.[0m
notifying browser that file changed:  target/cljsbuild/public/js/out/scrambler/core.js
Compiling build :app to "target/cljsbuild/public/js/app.js" from ["src/cljs" "src/cljc" "env/dev/cljs"]...
[32mSuccessfully compiled build :app to "target/cljsbuild/public/js/app.js" in 0.813 seconds.[0m
notifying browser that file changed:  target/cljsbuild/public/js/out/scrambler/core.js
Compiling build :app to "target/cljsbuild/public/js/app.js" from ["src/cljs" "src/cljc" "env/dev/cljs"]...
[32mSuccessfully compiled build :app to "target/cljsbuild/public/js/app.js" in 0.564 seconds.[0m
notifying browser that file changed:  target/cljsbuild/public/js/out/scrambler/core.js
Compiling build :app to "target/cljsbuild/public/js/app.js" from ["src/cljs" "src/cljc" "env/dev/cljs"]...
[32mSuccessfully compiled build :app to "target/cljsbuild/public/js/app.js" in 0.586 seconds.[0m
notifying browser that file changed:  target/cljsbuild/public/js/out/scrambler/core.js
Compiling build :app to "target/cljsbuild/public/js/app.js" from ["src/cljs" "src/cljc" "env/dev/cljs"]...
[32mSuccessfully compiled build :app to "target/cljsbuild/public/js/app.js" in 0.781 seconds.[0m
notifying browser that file changed:  target/cljsbuild/public/js/out/scrambler/core.js
Compiling build :app to "target/cljsbuild/public/js/app.js" from ["src/cljs" "src/cljc" "env/dev/cljs"]...
[32mSuccessfully compiled build :app to "target/cljsbuild/public/js/app.js" in 0.811 seconds.[0m
notifying browser that file changed:  target/cljsbuild/public/js/out/scrambler/core.js
Compiling build :app to "target/cljsbuild/public/js/app.js" from ["src/cljs" "src/cljc" "env/dev/cljs"]...
[32mSuccessfully compiled build :app to "target/cljsbuild/public/js/app.js" in 0.581 seconds.[0m
notifying browser that file changed:  target/cljsbuild/public/js/out/scrambler/core.js
Compiling build :app to "target/cljsbuild/public/js/app.js" from ["src/cljs" "src/cljc" "env/dev/cljs"]...
[32mSuccessfully compiled build :app to "target/cljsbuild/public/js/app.js" in 0.581 seconds.[0m
notifying browser that file changed:  target/cljsbuild/public/js/out/scrambler/core.js
Compiling build :app to "target/cljsbuild/public/js/app.js" from ["src/cljs" "src/cljc" "env/dev/cljs"]...
[32mSuccessfully compiled build :app to "target/cljsbuild/public/js/app.js" in 0.587 seconds.[0m
notifying browser that file changed:  target/cljsbuild/public/js/out/scrambler/core.js
Compiling build :app to "target/cljsbuild/public/js/app.js" from ["src/cljs" "src/cljc" "env/dev/cljs"]...
[32mSuccessfully compiled build :app to "target/cljsbuild/public/js/app.js" in 0.791 seconds.[0m
notifying browser that file changed:  target/cljsbuild/public/js/out/scrambler/core.js
Compiling build :app to "target/cljsbuild/public/js/app.js" from ["src/cljs" "src/cljc" "env/dev/cljs"]...
[32mSuccessfully compiled build :app to "target/cljsbuild/public/js/app.js" in 0.583 seconds.[0m
notifying browser that file changed:  target/cljsbuild/public/js/out/scrambler/core.js
Compiling build :app to "target/cljsbuild/public/js/app.js" from ["src/cljs" "src/cljc" "env/dev/cljs"]...
[32mSuccessfully compiled build :app to "target/cljsbuild/public/js/app.js" in 0.8 seconds.[0m
notifying browser that file changed:  target/cljsbuild/public/js/out/scrambler/core.js
Compiling build :app to "target/cljsbuild/public/js/app.js" from ["src/cljs" "src/cljc" "env/dev/cljs"]...
[32mSuccessfully compiled build :app to "target/cljsbuild/public/js/app.js" in 0.583 seconds.[0m
notifying browser that file changed:  target/cljsbuild/public/js/out/scrambler/core.js
Compiling build :app to "target/cljsbuild/public/js/app.js" from ["src/cljs" "src/cljc" "env/dev/cljs"]...
[32mSuccessfully compiled build :app to "target/cljsbuild/public/js/app.js" in 0.58 seconds.[0m
notifying browser that file changed:  target/cljsbuild/public/js/out/scrambler/core.js
Compiling build :app to "target/cljsbuild/public/js/app.js" from ["src/cljs" "src/cljc" "env/dev/cljs"]...
[32mSuccessfully compiled build :app to "target/cljsbuild/public/js/app.js" in 0.539 seconds.[0m
notifying browser that file changed:  target/cljsbuild/public/js/out/scrambler/core.js
Compiling build :app to "target/cljsbuild/public/js/app.js" from ["src/cljs" "src/cljc" "env/dev/cljs"]...
[32mSuccessfully compiled build :app to "target/cljsbuild/public/js/app.js" in 0.534 seconds.[0m
notifying browser that file changed:  target/cljsbuild/public/js/out/scrambler/core.js
Compiling build :app to "target/cljsbuild/public/js/app.js" from ["src/cljs" "src/cljc" "env/dev/cljs"]...
[32mSuccessfully compiled build :app to "target/cljsbuild/public/js/app.js" in 0.55 seconds.[0m
notifying browser that file changed:  target/cljsbuild/public/js/out/scrambler/core.js
Compiling build :app to "target/cljsbuild/public/js/app.js" from ["src/cljs" "src/cljc" "env/dev/cljs"]...
[32mSuccessfully compiled build :app to "target/cljsbuild/public/js/app.js" in 0.533 seconds.[0m
notifying browser that file changed:  target/cljsbuild/public/js/out/scrambler/core.js
Compiling build :app to "target/cljsbuild/public/js/app.js" from ["src/cljs" "src/cljc" "env/dev/cljs"]...
[36m----  Compiler Warning on   src/cljs/scrambler/core.cljs   line:41  column:38  ----[0m

  [1mUse of undeclared Var scrambler.core/%[0m

  [36m37[0m  [36m                        :on-change[0m
  [36m38[0m  [36m                        (fn [e][0m
  [36m39[0m  [36m                          (.stopPropagation e)[0m
  [36m40[0m  [36m                          (swap! session assoc param[0m
  [33m41[0m  [1m                                 (.. % -target -value)[0m
  [0m  [0m  [33m                                     ^--- Use of undeclared Var scrambler.core/%[0m
  [36m42[0m  [36m                                 :result nil))}])[0m
  [36m43[0m  [36m[0m
  [36m44[0m  [36m(defn fetch-results! [][0m
  [36m45[0m  [36m  (POST "/scramble" {:handler #(swap! session merge %)[0m
  [36m46[0m  [36m                     :response-format :transit[0m

[36m----  Compiler Warning : Please see src/cljs/scrambler/core.cljs  ----[0m
[32mSuccessfully compiled build :app to "target/cljsbuild/public/js/app.js" in 0.601 seconds.[0m
notifying browser that file changed:  target/cljsbuild/public/js/out/scrambler/core.js
Compiling build :app to "target/cljsbuild/public/js/app.js" from ["src/cljs" "src/cljc" "env/dev/cljs"]...
[32mSuccessfully compiled build :app to "target/cljsbuild/public/js/app.js" in 0.528 seconds.[0m
notifying browser that file changed:  target/cljsbuild/public/js/out/scrambler/core.js
Compiling build :app to "target/cljsbuild/public/js/app.js" from ["src/cljs" "src/cljc" "env/dev/cljs"]...
[32mSuccessfully compiled build :app to "target/cljsbuild/public/js/app.js" in 0.576 seconds.[0m
notifying browser that file changed:  target/cljsbuild/public/js/out/scrambler/core.js
Compiling build :app to "target/cljsbuild/public/js/app.js" from ["src/cljs" "src/cljc" "env/dev/cljs"]...
[32mSuccessfully compiled build :app to "target/cljsbuild/public/js/app.js" in 0.538 seconds.[0m
notifying browser that file changed:  target/cljsbuild/public/js/out/scrambler/core.js
Compiling build :app to "target/cljsbuild/public/js/app.js" from ["src/cljs" "src/cljc" "env/dev/cljs"]...
[32mSuccessfully compiled build :app to "target/cljsbuild/public/js/app.js" in 0.572 seconds.[0m
notifying browser that file changed:  target/cljsbuild/public/js/out/scrambler/core.js
Compiling build :app to "target/cljsbuild/public/js/app.js" from ["src/cljs" "src/cljc" "env/dev/cljs"]...
[32mSuccessfully compiled build :app to "target/cljsbuild/public/js/app.js" in 0.602 seconds.[0m
notifying browser that file changed:  target/cljsbuild/public/js/out/scrambler/core.js
Compiling build :app to "target/cljsbuild/public/js/app.js" from ["src/cljs" "src/cljc" "env/dev/cljs"]...
[32mSuccessfully compiled build :app to "target/cljsbuild/public/js/app.js" in 0.577 seconds.[0m
notifying browser that file changed:  target/cljsbuild/public/js/out/scrambler/core.js
Compiling build :app to "target/cljsbuild/public/js/app.js" from ["src/cljs" "src/cljc" "env/dev/cljs"]...
[32mSuccessfully compiled build :app to "target/cljsbuild/public/js/app.js" in 0.572 seconds.[0m
notifying browser that file changed:  target/cljsbuild/public/js/out/scrambler/core.js
Compiling build :app to "target/cljsbuild/public/js/app.js" from ["src/cljs" "src/cljc" "env/dev/cljs"]...
[32mSuccessfully compiled build :app to "target/cljsbuild/public/js/app.js" in 0.517 seconds.[0m
notifying browser that file changed:  target/cljsbuild/public/js/out/scrambler/core.js
Compiling build :app to "target/cljsbuild/public/js/app.js" from ["src/cljs" "src/cljc" "env/dev/cljs"]...
[32mSuccessfully compiled build :app to "target/cljsbuild/public/js/app.js" in 0.575 seconds.[0m
notifying browser that file changed:  target/cljsbuild/public/js/out/scrambler/core.js
Compiling build :app to "target/cljsbuild/public/js/app.js" from ["src/cljs" "src/cljc" "env/dev/cljs"]...
[32mSuccessfully compiled build :app to "target/cljsbuild/public/js/app.js" in 0.532 seconds.[0m
notifying browser that file changed:  target/cljsbuild/public/js/out/scrambler/core.js
Compiling build :app to "target/cljsbuild/public/js/app.js" from ["src/cljs" "src/cljc" "env/dev/cljs"]...
[32mSuccessfully compiled build :app to "target/cljsbuild/public/js/app.js" in 0.566 seconds.[0m
notifying browser that file changed:  target/cljsbuild/public/js/out/scrambler/core.js
Compiling build :app to "target/cljsbuild/public/js/app.js" from ["src/cljs" "src/cljc" "env/dev/cljs"]...
[32mSuccessfully compiled build :app to "target/cljsbuild/public/js/app.js" in 0.54 seconds.[0m
notifying browser that file changed:  target/cljsbuild/public/js/out/scrambler/core.js
Compiling build :app to "target/cljsbuild/public/js/app.js" from ["src/cljs" "src/cljc" "env/dev/cljs"]...
[32mSuccessfully compiled build :app to "target/cljsbuild/public/js/app.js" in 0.574 seconds.[0m
notifying browser that file changed:  target/cljsbuild/public/js/out/scrambler/core.js
Compiling build :app to "target/cljsbuild/public/js/app.js" from ["src/cljs" "src/cljc" "env/dev/cljs"]...
[32mSuccessfully compiled build :app to "target/cljsbuild/public/js/app.js" in 0.575 seconds.[0m
notifying browser that file changed:  target/cljsbuild/public/js/out/scrambler/core.js
Compiling build :app to "target/cljsbuild/public/js/app.js" from ["src/cljs" "src/cljc" "env/dev/cljs"]...
[32mSuccessfully compiled build :app to "target/cljsbuild/public/js/app.js" in 0.565 seconds.[0m
notifying browser that file changed:  target/cljsbuild/public/js/out/scrambler/core.js
Compiling build :app to "target/cljsbuild/public/js/app.js" from ["src/cljs" "src/cljc" "env/dev/cljs"]...
[32mSuccessfully compiled build :app to "target/cljsbuild/public/js/app.js" in 0.564 seconds.[0m
notifying browser that file changed:  target/cljsbuild/public/js/out/scrambler/core.js
Compiling build :app to "target/cljsbuild/public/js/app.js" from ["src/cljs" "src/cljc" "env/dev/cljs"]...
[32mSuccessfully compiled build :app to "target/cljsbuild/public/js/app.js" in 0.572 seconds.[0m
notifying browser that file changed:  target/cljsbuild/public/js/out/scrambler/core.js
Compiling build :app to "target/cljsbuild/public/js/app.js" from ["src/cljs" "src/cljc" "env/dev/cljs"]...
[32mSuccessfully compiled build :app to "target/cljsbuild/public/js/app.js" in 0.588 seconds.[0m
notifying browser that file changed:  target/cljsbuild/public/js/out/scrambler/core.js
Compiling build :app to "target/cljsbuild/public/js/app.js" from ["src/cljs" "src/cljc" "env/dev/cljs"]...
[32mSuccessfully compiled build :app to "target/cljsbuild/public/js/app.js" in 0.551 seconds.[0m
notifying browser that file changed:  target/cljsbuild/public/js/out/scrambler/core.js
